<?xml version="1.0" encoding="UTF-8"?>
<!-- Generated by org.testng.reporters.JUnitReportReporter -->
<testsuite hostname="Garima" failures="0" tests="1" name="SeleniumPackage1.Seleniumproject1.Registration_to_Amazon" time="9.046" errors="0" timestamp="2024-10-03T23:39:58 IST" skipped="0">
  <testcase classname="SeleniumPackage1.Seleniumproject1.Registration_to_Amazon" name="creating_new_account" time="9.046"/>
  <system-out>
    <![CDATA[Test Case is passed]]>
  </system-out>
</testsuite> <!-- SeleniumPackage1.Seleniumproject1.Registration_to_Amazon -->
