<?xml version="1.0" encoding="UTF-8"?>
<!-- Generated by org.testng.reporters.JUnitReportReporter -->
<testsuite hostname="Garima" failures="0" tests="1" name="SeleniumPackage1.Seleniumproject1.Login_with_invalid_credential" time="6.788" errors="0" timestamp="2024-10-04T09:04:17 IST" skipped="0">
  <testcase classname="SeleniumPackage1.Seleniumproject1.Login_with_invalid_credential" name="invalid" time="6.788">
    <system-out>
      <![CDATA[Test Case is passed]]>
    </system-out>
  </testcase> <!-- invalid -->
  <system-out>
    <![CDATA[Test Case is passed
Test Case is passed
Test Case is passed
Test Case is passed
Test Case is passed]]>
  </system-out>
</testsuite> <!-- SeleniumPackage1.Seleniumproject1.Login_with_invalid_credential -->
