<?xml version="1.0" encoding="UTF-8"?>
<!-- Generated by org.testng.reporters.JUnitReportReporter -->
<testsuite hostname="Garima" failures="0" tests="1" name="SeleniumPackage1.Seleniumproject1.Edit_Profile_Info" time="12.590" errors="0" timestamp="2024-10-04T09:04:17 IST" skipped="0">
  <testcase classname="SeleniumPackage1.Seleniumproject1.Edit_Profile_Info" name="edit1" time="12.590">
    <system-out>
      <![CDATA[Test Case is passed]]>
    </system-out>
  </testcase> <!-- edit1 -->
  <system-out>
    <![CDATA[Test Case is passed
Test Case is passed
Test Case is passed
Test Case is passed
Test Case is passed]]>
  </system-out>
</testsuite> <!-- SeleniumPackage1.Seleniumproject1.Edit_Profile_Info -->
